# JRE version: OpenJDK Runtime Environment Temurin-21.0.9+10 (21.0.9+10) (build 21.0.9+10-LTS)
# Java VM: OpenJDK 64-Bit Server VM Temurin-21.0.9+10 (21.0.9+10-LTS, mixed mode, sharing, tiered, compressed oops, compressed class ptrs, parallel gc, windows-amd64)
GC Precious Log:
 CardTable entry size: 512
 CPUs: 12 total, 12 available
 Memory: 15713M
 Large Page Support: Disabled
 NUMA Support: Disabled
 Compressed Oops: Enabled (32-bit)
 Alignments: Space 512K, Generation 512K, Heap 2M
 Heap Min Capacity: 100M
 Heap Initial Capacity: 100M
 Heap Max Capacity: 2G
 Pre-touch: Disabled
 Parallel Workers: 10
Heap:
 PSYoungGen      total 9216K, used 4091K [0x00000000d5580000, 0x00000000d6500000, 0x0000000100000000)
  eden space 8704K, 42% used [0x00000000d5580000,0x00000000d5916f18,0x00000000d5e00000)
  from space 512K, 81% used [0x00000000d6480000,0x00000000d64e8000,0x00000000d6500000)
  to   space 2048K, 0% used [0x00000000d6100000,0x00000000d6100000,0x00000000d6300000)
 ParOldGen       total 1309696K, used 1309326K [0x0000000080000000, 0x00000000cff00000, 0x00000000d5580000)
  object space 1309696K, 99% used [0x0000000080000000,0x00000000cfea3820,0x00000000cff00000)
 Metaspace       used 100770K, committed 102464K, reserved 1179648K
  class space    used 9640K, committed 10432K, reserved 1048576K
GC Heap History (20 events):
Event: 718715.029 GC heap before
{Heap before GC invocations=46717 (full 27):
 PSYoungGen      total 9728K, used 9312K [0x00000000d5580000, 0x00000000d6080000, 0x0000000100000000)
  eden space 8704K, 100% used [0x00000000d5580000,0x00000000d5e00000,0x00000000d5e00000)
  from space 1024K, 59% used [0x00000000d5f80000,0x00000000d6018000,0x00000000d6080000)
  to   space 1024K, 0% used [0x00000000d5e80000,0x00000000d5e80000,0x00000000d5f80000)
 ParOldGen       total 1287680K, used 1287397K [0x0000000080000000, 0x00000000ce980000, 0x00000000d5580000)
  object space 1287680K, 99% used [0x0000000080000000,0x00000000ce939428,0x00000000ce980000)
 Metaspace       used 100762K, committed 102464K, reserved 1179648K
  class space    used 9640K, committed 10432K, reserved 1048576K
}
Event: 718715.031 GC heap after
{Heap after GC invocations=46717 (full 27):
 PSYoungGen      total 9728K, used 1024K [0x00000000d5580000, 0x00000000d6200000, 0x0000000100000000)
  eden space 8704K, 0% used [0x00000000d5580000,0x00000000d5580000,0x00000000d5e00000)
  from space 1024K, 100% used [0x00000000d5e80000,0x00000000d5f80000,0x00000000d5f80000)
  to   space 2048K, 0% used [0x00000000d6000000,0x00000000d6000000,0x00000000d6200000)
 ParOldGen       total 1288192K, used 1287901K [0x0000000080000000, 0x00000000cea00000, 0x00000000d5580000)
  object space 1288192K, 99% used [0x0000000080000000,0x00000000ce9b7428,0x00000000cea00000)
 Metaspace       used 100762K, committed 102464K, reserved 1179648K
  class space    used 9640K, committed 10432K, reserved 1048576K
}
Event: 718715.824 GC heap before
{Heap before GC invocations=46718 (full 27):
 PSYoungGen      total 9728K, used 9728K [0x00000000d5580000, 0x00000000d6200000, 0x0000000100000000)
  eden space 8704K, 100% used [0x00000000d5580000,0x00000000d5e00000,0x00000000d5e00000)
  from space 1024K, 100% used [0x00000000d5e80000,0x00000000d5f80000,0x00000000d5f80000)
  to   space 2048K, 0% used [0x00000000d6000000,0x00000000d6000000,0x00000000d6200000)
 ParOldGen       total 1288192K, used 1287901K [0x0000000080000000, 0x00000000cea00000, 0x00000000d5580000)
  object space 1288192K, 99% used [0x0000000080000000,0x00000000ce9b7428,0x00000000cea00000)
 Metaspace       used 100762K, committed 102464K, reserved 1179648K
  class space    used 9640K, committed 10432K, reserved 1048576K
}
Event: 718715.826 GC heap after
{Heap after GC invocations=46718 (full 27):
 PSYoungGen      total 9216K, used 352K [0x00000000d5580000, 0x00000000d6080000, 0x0000000100000000)
  eden space 8704K, 0% used [0x00000000d5580000,0x00000000d5580000,0x00000000d5e00000)
  from space 512K, 68% used [0x00000000d6000000,0x00000000d6058000,0x00000000d6080000)
  to   space 1024K, 0% used [0x00000000d5e80000,0x00000000d5e80000,0x00000000d5f80000)
 ParOldGen       total 1288704K, used 1288367K [0x0000000080000000, 0x00000000cea80000, 0x00000000d5580000)
  object space 1288704K, 99% used [0x0000000080000000,0x00000000cea2bde8,0x00000000cea80000)
 Metaspace       used 100762K, committed 102464K, reserved 1179648K
  class space    used 9640K, committed 10432K, reserved 1048576K
}
Event: 718716.039 GC heap before
{Heap before GC invocations=46719 (full 27):
 PSYoungGen      total 9216K, used 9056K [0x00000000d5580000, 0x00000000d6080000, 0x0000000100000000)
  eden space 8704K, 100% used [0x00000000d5580000,0x00000000d5e00000,0x00000000d5e00000)
  from space 512K, 68% used [0x00000000d6000000,0x00000000d6058000,0x00000000d6080000)
  to   space 1024K, 0% used [0x00000000d5e80000,0x00000000d5e80000,0x00000000d5f80000)
 ParOldGen       total 1288704K, used 1288367K [0x0000000080000000, 0x00000000cea80000, 0x00000000d5580000)
  object space 1288704K, 99% used [0x0000000080000000,0x00000000cea2bde8,0x00000000cea80000)
 Metaspace       used 100765K, committed 102464K, reserved 1179648K
  class space    used 9640K, committed 10432K, reserved 1048576K
}
Event: 718716.041 GC heap after
{Heap after GC invocations=46719 (full 27):
 PSYoungGen      total 9728K, used 1024K [0x00000000d5580000, 0x00000000d6100000, 0x0000000100000000)
  eden space 8704K, 0% used [0x00000000d5580000,0x00000000d5580000,0x00000000d5e00000)
  from space 1024K, 100% used [0x00000000d5e80000,0x00000000d5f80000,0x00000000d5f80000)
  to   space 1536K, 0% used [0x00000000d5f80000,0x00000000d5f80000,0x00000000d6100000)
 ParOldGen       total 1288704K, used 1288544K [0x0000000080000000, 0x00000000cea80000, 0x00000000d5580000)
  object space 1288704K, 99% used [0x0000000080000000,0x00000000cea58350,0x00000000cea80000)
 Metaspace       used 100765K, committed 102464K, reserved 1179648K
  class space    used 9640K, committed 10432K, reserved 1048576K
}
Event: 718726.049 GC heap before
{Heap before GC invocations=46720 (full 27):
 PSYoungGen      total 9728K, used 9542K [0x00000000d5580000, 0x00000000d6100000, 0x0000000100000000)
  eden space 8704K, 97% used [0x00000000d5580000,0x00000000d5dd1998,0x00000000d5e00000)
  from space 1024K, 100% used [0x00000000d5e80000,0x00000000d5f80000,0x00000000d5f80000)
  to   space 1536K, 0% used [0x00000000d5f80000,0x00000000d5f80000,0x00000000d6100000)
 ParOldGen       total 1288704K, used 1288544K [0x0000000080000000, 0x00000000cea80000, 0x00000000d5580000)
  object space 1288704K, 99% used [0x0000000080000000,0x00000000cea58350,0x00000000cea80000)
 Metaspace       used 100765K, committed 102464K, reserved 1179648K
  class space    used 9640K, committed 10432K, reserved 1048576K
}
Event: 718726.052 GC heap after
{Heap after GC invocations=46720 (full 27):
 PSYoungGen      total 10240K, used 961K [0x00000000d5580000, 0x00000000d6100000, 0x0000000100000000)
  eden space 8704K, 0% used [0x00000000d5580000,0x00000000d5580000,0x00000000d5e00000)
  from space 1536K, 62% used [0x00000000d5f80000,0x00000000d6070498,0x00000000d6100000)
  to   space 1536K, 0% used [0x00000000d5e00000,0x00000000d5e00000,0x00000000d5f80000)
 ParOldGen       total 1289728K, used 1289576K [0x0000000080000000, 0x00000000ceb80000, 0x00000000d5580000)
  object space 1289728K, 99% used [0x0000000080000000,0x00000000ceb5a1c8,0x00000000ceb80000)
 Metaspace       used 100765K, committed 102464K, reserved 1179648K
  class space    used 9640K, committed 10432K, reserved 1048576K
}
Event: 718726.066 GC heap before
{Heap before GC invocations=46721 (full 27):
 PSYoungGen      total 10240K, used 9665K [0x00000000d5580000, 0x00000000d6100000, 0x0000000100000000)
  eden space 8704K, 100% used [0x00000000d5580000,0x00000000d5e00000,0x00000000d5e00000)
  from space 1536K, 62% used [0x00000000d5f80000,0x00000000d6070498,0x00000000d6100000)
  to   space 1536K, 0% used [0x00000000d5e00000,0x00000000d5e00000,0x00000000d5f80000)
 ParOldGen       total 1289728K, used 1289576K [0x0000000080000000, 0x00000000ceb80000, 0x00000000d5580000)
  object space 1289728K, 99% used [0x0000000080000000,0x00000000ceb5a1c8,0x00000000ceb80000)
 Metaspace       used 100765K, committed 102464K, reserved 1179648K
  class space    used 9640K, committed 10432K, reserved 1048576K
}
Event: 718726.070 GC heap after
{Heap after GC invocations=46721 (full 27):
 PSYoungGen      total 10240K, used 1521K [0x00000000d5580000, 0x00000000d7300000, 0x0000000100000000)
  eden space 8704K, 0% used [0x00000000d5580000,0x00000000d5580000,0x00000000d5e00000)
  from space 1536K, 99% used [0x00000000d5e00000,0x00000000d5f7c498,0x00000000d5f80000)
  to   space 10752K, 0% used [0x00000000d6880000,0x00000000d6880000,0x00000000d7300000)
 ParOldGen       total 1297408K, used 1297032K [0x0000000080000000, 0x00000000cf300000, 0x00000000d5580000)
  object space 1297408K, 99% used [0x0000000080000000,0x00000000cf2a2288,0x00000000cf300000)
 Metaspace       used 100765K, committed 102464K, reserved 1179648K
  class space    used 9640K, committed 10432K, reserved 1048576K
}
Event: 718726.107 GC heap before
{Heap before GC invocations=46722 (full 27):
 PSYoungGen      total 10240K, used 10225K [0x00000000d5580000, 0x00000000d7300000, 0x0000000100000000)
  eden space 8704K, 100% used [0x00000000d5580000,0x00000000d5e00000,0x00000000d5e00000)
  from space 1536K, 99% used [0x00000000d5e00000,0x00000000d5f7c498,0x00000000d5f80000)
  to   space 10752K, 0% used [0x00000000d6880000,0x00000000d6880000,0x00000000d7300000)
 ParOldGen       total 1297408K, used 1297032K [0x0000000080000000, 0x00000000cf300000, 0x00000000d5580000)
  object space 1297408K, 99% used [0x0000000080000000,0x00000000cf2a2288,0x00000000cf300000)
 Metaspace       used 100765K, committed 102464K, reserved 1179648K
  class space    used 9640K, committed 10432K, reserved 1048576K
}
Event: 718726.111 GC heap after
{Heap after GC invocations=46722 (full 27):
 PSYoungGen      total 16896K, used 7972K [0x00000000d5580000, 0x00000000d7080000, 0x0000000100000000)
  eden space 8704K, 0% used [0x00000000d5580000,0x00000000d5580000,0x00000000d5e00000)
  from space 8192K, 97% used [0x00000000d6880000,0x00000000d70492d8,0x00000000d7080000)
  to   space 8704K, 0% used [0x00000000d5f80000,0x00000000d5f80000,0x00000000d6800000)
 ParOldGen       total 1298432K, used 1298257K [0x0000000080000000, 0x00000000cf400000, 0x00000000d5580000)
  object space 1298432K, 99% used [0x0000000080000000,0x00000000cf3d4720,0x00000000cf400000)
 Metaspace       used 100765K, committed 102464K, reserved 1179648K
  class space    used 9640K, committed 10432K, reserved 1048576K
}
Event: 720089.544 GC heap before
{Heap before GC invocations=46723 (full 27):
 PSYoungGen      total 16896K, used 16676K [0x00000000d5580000, 0x00000000d7080000, 0x0000000100000000)
  eden space 8704K, 100% used [0x00000000d5580000,0x00000000d5e00000,0x00000000d5e00000)
  from space 8192K, 97% used [0x00000000d6880000,0x00000000d70492d8,0x00000000d7080000)
  to   space 8704K, 0% used [0x00000000d5f80000,0x00000000d5f80000,0x00000000d6800000)
 ParOldGen       total 1298432K, used 1298257K [0x0000000080000000, 0x00000000cf400000, 0x00000000d5580000)
  object space 1298432K, 99% used [0x0000000080000000,0x00000000cf3d4720,0x00000000cf400000)
 Metaspace       used 100767K, committed 102464K, reserved 1179648K
  class space    used 9640K, committed 10432K, reserved 1048576K
}
Event: 720089.600 GC heap after
{Heap after GC invocations=46723 (full 27):
 PSYoungGen      total 10752K, used 1600K [0x00000000d5580000, 0x00000000d6900000, 0x0000000100000000)
  eden space 8704K, 0% used [0x00000000d5580000,0x00000000d5580000,0x00000000d5e00000)
  from space 2048K, 78% used [0x00000000d5f80000,0x00000000d6110020,0x00000000d6180000)
  to   space 4096K, 0% used [0x00000000d6500000,0x00000000d6500000,0x00000000d6900000)
 ParOldGen       total 1306112K, used 1305700K [0x0000000080000000, 0x00000000cfb80000, 0x00000000d5580000)
  object space 1306112K, 99% used [0x0000000080000000,0x00000000cfb193b0,0x00000000cfb80000)
 Metaspace       used 100767K, committed 102464K, reserved 1179648K
  class space    used 9640K, committed 10432K, reserved 1048576K
}
Event: 720096.062 GC heap before
{Heap before GC invocations=46724 (full 27):
 PSYoungGen      total 10752K, used 10304K [0x00000000d5580000, 0x00000000d6900000, 0x0000000100000000)
  eden space 8704K, 100% used [0x00000000d5580000,0x00000000d5e00000,0x00000000d5e00000)
  from space 2048K, 78% used [0x00000000d5f80000,0x00000000d6110020,0x00000000d6180000)
  to   space 4096K, 0% used [0x00000000d6500000,0x00000000d6500000,0x00000000d6900000)
 ParOldGen       total 1306112K, used 1305700K [0x0000000080000000, 0x00000000cfb80000, 0x00000000d5580000)
  object space 1306112K, 99% used [0x0000000080000000,0x00000000cfb193b0,0x00000000cfb80000)
 Metaspace       used 100767K, committed 102464K, reserved 1179648K
  class space    used 9640K, committed 10432K, reserved 1048576K
}
Event: 720096.065 GC heap after
{Heap after GC invocations=46724 (full 27):
 PSYoungGen      total 10240K, used 1326K [0x00000000d5580000, 0x00000000d6680000, 0x0000000100000000)
  eden space 8704K, 0% used [0x00000000d5580000,0x00000000d5580000,0x00000000d5e00000)
  from space 1536K, 86% used [0x00000000d6500000,0x00000000d664bb90,0x00000000d6680000)
  to   space 2048K, 0% used [0x00000000d6280000,0x00000000d6280000,0x00000000d6480000)
 ParOldGen       total 1307648K, used 1307191K [0x0000000080000000, 0x00000000cfd00000, 0x00000000d5580000)
  object space 1307648K, 99% used [0x0000000080000000,0x00000000cfc8df48,0x00000000cfd00000)
 Metaspace       used 100767K, committed 102464K, reserved 1179648K
  class space    used 9640K, committed 10432K, reserved 1048576K
}
Event: 720096.091 GC heap before
{Heap before GC invocations=46725 (full 27):
 PSYoungGen      total 10240K, used 10030K [0x00000000d5580000, 0x00000000d6680000, 0x0000000100000000)
  eden space 8704K, 100% used [0x00000000d5580000,0x00000000d5e00000,0x00000000d5e00000)
  from space 1536K, 86% used [0x00000000d6500000,0x00000000d664bb90,0x00000000d6680000)
  to   space 2048K, 0% used [0x00000000d6280000,0x00000000d6280000,0x00000000d6480000)
 ParOldGen       total 1307648K, used 1307191K [0x0000000080000000, 0x00000000cfd00000, 0x00000000d5580000)
  object space 1307648K, 99% used [0x0000000080000000,0x00000000cfc8df48,0x00000000cfd00000)
 Metaspace       used 100767K, committed 102464K, reserved 1179648K
  class space    used 9640K, committed 10432K, reserved 1048576K
}
Event: 720096.094 GC heap after
{Heap after GC invocations=46725 (full 27):
 PSYoungGen      total 10752K, used 2030K [0x00000000d5580000, 0x00000000d6800000, 0x0000000100000000)
  eden space 8704K, 0% used [0x00000000d5580000,0x00000000d5580000,0x00000000d5e00000)
  from space 2048K, 99% used [0x00000000d6280000,0x00000000d647bb90,0x00000000d6480000)
  to   space 3584K, 0% used [0x00000000d6480000,0x00000000d6480000,0x00000000d6800000)
 ParOldGen       total 1309696K, used 1309302K [0x0000000080000000, 0x00000000cff00000, 0x00000000d5580000)
  object space 1309696K, 99% used [0x0000000080000000,0x00000000cfe9d820,0x00000000cff00000)
 Metaspace       used 100767K, committed 102464K, reserved 1179648K
  class space    used 9640K, committed 10432K, reserved 1048576K
}
Event: 720099.226 GC heap before
{Heap before GC invocations=46726 (full 27):
 PSYoungGen      total 10752K, used 10734K [0x00000000d5580000, 0x00000000d6800000, 0x0000000100000000)
  eden space 8704K, 100% used [0x00000000d5580000,0x00000000d5e00000,0x00000000d5e00000)
  from space 2048K, 99% used [0x00000000d6280000,0x00000000d647bb90,0x00000000d6480000)
  to   space 3584K, 0% used [0x00000000d6480000,0x00000000d6480000,0x00000000d6800000)
 ParOldGen       total 1309696K, used 1309302K [0x0000000080000000, 0x00000000cff00000, 0x00000000d5580000)
  object space 1309696K, 99% used [0x0000000080000000,0x00000000cfe9d820,0x00000000cff00000)
 Metaspace       used 100770K, committed 102464K, reserved 1179648K
  class space    used 9640K, committed 10432K, reserved 1048576K
}
Event: 720099.228 GC heap after
{Heap after GC invocations=46726 (full 27):
 PSYoungGen      total 9216K, used 416K [0x00000000d5580000, 0x00000000d6500000, 0x0000000100000000)
  eden space 8704K, 0% used [0x00000000d5580000,0x00000000d5580000,0x00000000d5e00000)
  from space 512K, 81% used [0x00000000d6480000,0x00000000d64e8000,0x00000000d6500000)
  to   space 2048K, 0% used [0x00000000d6100000,0x00000000d6100000,0x00000000d6300000)
 ParOldGen       total 1309696K, used 1309326K [0x0000000080000000, 0x00000000cff00000, 0x00000000d5580000)
  object space 1309696K, 99% used [0x0000000080000000,0x00000000cfea3820,0x00000000cff00000)
 Metaspace       used 100770K, committed 102464K, reserved 1179648K
  class space    used 9640K, committed 10432K, reserved 1048576K
}

